build/app/intermediates/manifest_merge_blame_file/debug/manifest-merger-blame-debug-report.txt
1<?xml version="1.0" encoding="utf-8"?>
2<manifest xmlns:android="http://schemas.android.com/apk/res/android"
3    package="com.example.poc_bytebank_flutter"
4    android:versionCode="1"
5    android:versionName="1.0.0" >
6
7    <uses-sdk
8        android:minSdkVersion="21"
9        android:targetSdkVersion="30" />
10    <!--
11         Flutter needs it to communicate with the running application
12         to allow setting breakpoints, to provide hot reload, etc.
13    -->
14    <uses-permission android:name="android.permission.INTERNET" />
14-->src/debug/AndroidManifest.xml:6:5-66
14-->src/debug/AndroidManifest.xml:6:22-64
15    <uses-permission android:name="android.permission.ACCESS_NETWORK_STATE" /> <!-- Permission will be merged into the manifest of the hosting app. -->
15-->[com.amazonaws:aws-android-sdk-pinpoint:2.26.0] AndroidManifest.xml:10:5-79
15-->[com.amazonaws:aws-android-sdk-pinpoint:2.26.0] AndroidManifest.xml:10:22-76
16    <!-- Is required to launch foreground extraction service for targetSdkVersion 28+. -->
17    <uses-permission android:name="android.permission.FOREGROUND_SERVICE" />
17-->[com.google.android.play:core:1.9.1] AndroidManifest.xml:8:3-74
17-->[com.google.android.play:core:1.9.1] AndroidManifest.xml:8:20-72
18
19    <application
19-->src/main/AndroidManifest.xml:3:4-40:19
20        android:appComponentFactory="androidx.core.app.CoreComponentFactory"
20-->[androidx.core:core:1.3.1] AndroidManifest.xml:24:18-86
21        android:debuggable="true"
22        android:icon="@mipmap/ic_launcher"
22-->src/main/AndroidManifest.xml:5:9-43
23        android:label="poc_bytebank_flutter" >
23-->src/main/AndroidManifest.xml:4:9-45
24        <activity
24-->src/main/AndroidManifest.xml:6:9-34:20
25            android:name="com.example.poc_bytebank_flutter.MainActivity"
25-->src/main/AndroidManifest.xml:7:13-41
26            android:configChanges="orientation|keyboardHidden|keyboard|screenSize|smallestScreenSize|locale|layoutDirection|fontScale|screenLayout|density|uiMode"
26-->src/main/AndroidManifest.xml:10:13-163
27            android:hardwareAccelerated="true"
27-->src/main/AndroidManifest.xml:11:13-47
28            android:launchMode="singleTop"
28-->src/main/AndroidManifest.xml:8:13-43
29            android:theme="@style/LaunchTheme"
29-->src/main/AndroidManifest.xml:9:13-47
30            android:windowSoftInputMode="adjustResize" >
30-->src/main/AndroidManifest.xml:12:13-55
31
32            <!--
33                 Specifies an Android theme to apply to this Activity as soon as
34                 the Android process has started. This theme is visible to the user
35                 while the Flutter UI initializes. After that, this theme continues
36                 to determine the Window background behind the Flutter UI.
37            -->
38            <meta-data
38-->src/main/AndroidManifest.xml:17:13-20:17
39                android:name="io.flutter.embedding.android.NormalTheme"
39-->src/main/AndroidManifest.xml:18:15-70
40                android:resource="@style/NormalTheme" />
40-->src/main/AndroidManifest.xml:19:15-52
41            <!--
42                 Displays an Android View that continues showing the launch screen
43                 Drawable until Flutter paints its first frame, then this splash
44                 screen fades out. A splash screen is useful to avoid any visual
45                 gap between the end of Android's launch screen and the painting of
46                 Flutter's first frame.
47            -->
48            <meta-data
48-->src/main/AndroidManifest.xml:26:13-29:17
49                android:name="io.flutter.embedding.android.SplashScreenDrawable"
49-->src/main/AndroidManifest.xml:27:15-79
50                android:resource="@drawable/launch_background" />
50-->src/main/AndroidManifest.xml:28:15-61
51
52            <intent-filter>
52-->src/main/AndroidManifest.xml:30:13-33:29
53                <action android:name="android.intent.action.MAIN" />
53-->src/main/AndroidManifest.xml:31:17-68
53-->src/main/AndroidManifest.xml:31:25-66
54
55                <category android:name="android.intent.category.LAUNCHER" />
55-->src/main/AndroidManifest.xml:32:17-76
55-->src/main/AndroidManifest.xml:32:27-74
56            </intent-filter>
57        </activity>
58        <!--
59             Don't delete the meta-data below.
60             This is used by the Flutter tool to generate GeneratedPluginRegistrant.java
61        -->
62        <meta-data
62-->src/main/AndroidManifest.xml:37:9-39:33
63            android:name="flutterEmbedding"
63-->src/main/AndroidManifest.xml:38:13-44
64            android:value="2" />
64-->src/main/AndroidManifest.xml:39:13-30
65
66        <activity
66-->[:amplify_analytics_pinpoint] AndroidManifest.xml:8:9-10:40
67            android:name="com.amazonaws.amplify.amplify_analytics_pinpoint.EmptyActivity"
67-->[:amplify_analytics_pinpoint] AndroidManifest.xml:9:13-90
68            android:exported="false" />
68-->[:amplify_analytics_pinpoint] AndroidManifest.xml:10:13-37
69
70        <service
70-->[com.amplifyframework:aws-storage-s3:1.22.0] AndroidManifest.xml:25:9-27:38
71            android:name="com.amazonaws.mobileconnectors.s3.transferutility.TransferService"
71-->[com.amplifyframework:aws-storage-s3:1.22.0] AndroidManifest.xml:26:13-93
72            android:enabled="true" />
72-->[com.amplifyframework:aws-storage-s3:1.22.0] AndroidManifest.xml:27:13-35
73
74        <activity
74-->[com.amplifyframework:core:1.22.0] AndroidManifest.xml:27:9-29:54
75            android:name="com.amplifyframework.devmenu.DeveloperMenuActivity"
75-->[com.amplifyframework:core:1.22.0] AndroidManifest.xml:28:13-78
76            android:theme="@style/OverlayActivity" />
76-->[com.amplifyframework:core:1.22.0] AndroidManifest.xml:29:13-51
77        <activity
77-->[com.amazonaws:aws-android-sdk-cognitoauth:2.26.0] AndroidManifest.xml:12:9-16:75
78            android:name="com.amazonaws.mobileconnectors.cognitoauth.activities.CustomTabsManagerActivity"
78-->[com.amazonaws:aws-android-sdk-cognitoauth:2.26.0] AndroidManifest.xml:13:13-107
79            android:exported="false"
79-->[com.amazonaws:aws-android-sdk-cognitoauth:2.26.0] AndroidManifest.xml:14:13-37
80            android:launchMode="singleTask"
80-->[com.amazonaws:aws-android-sdk-cognitoauth:2.26.0] AndroidManifest.xml:15:13-44
81            android:theme="@android:style/Theme.Translucent.NoTitleBar" />
81-->[com.amazonaws:aws-android-sdk-cognitoauth:2.26.0] AndroidManifest.xml:16:13-72
82
83        <uses-library
83-->[com.amazonaws:aws-android-sdk-core:2.26.0] AndroidManifest.xml:11:9-13:40
84            android:name="org.apache.http.legacy"
84-->[com.amazonaws:aws-android-sdk-core:2.26.0] AndroidManifest.xml:12:13-50
85            android:required="false" /> <!-- The activities will be merged into the manifest of the hosting app. -->
85-->[com.amazonaws:aws-android-sdk-core:2.26.0] AndroidManifest.xml:13:13-37
86        <activity
86-->[com.google.android.play:core:1.9.1] AndroidManifest.xml:12:5-271
87            android:name="com.google.android.play.core.missingsplits.PlayCoreMissingSplitsActivity"
87-->[com.google.android.play:core:1.9.1] AndroidManifest.xml:12:15-102
88            android:enabled="false"
88-->[com.google.android.play:core:1.9.1] AndroidManifest.xml:12:103-126
89            android:exported="false"
89-->[com.google.android.play:core:1.9.1] AndroidManifest.xml:12:127-151
90            android:launchMode="singleInstance"
90-->[com.google.android.play:core:1.9.1] AndroidManifest.xml:12:204-239
91            android:process=":playcore_missing_splits_activity"
91-->[com.google.android.play:core:1.9.1] AndroidManifest.xml:12:152-203
92            android:stateNotNeeded="true" />
92-->[com.google.android.play:core:1.9.1] AndroidManifest.xml:12:240-269
93        <activity
93-->[com.google.android.play:core:1.9.1] AndroidManifest.xml:13:5-226
94            android:name="com.google.android.play.core.common.PlayCoreDialogWrapperActivity"
94-->[com.google.android.play:core:1.9.1] AndroidManifest.xml:13:15-95
95            android:enabled="false"
95-->[com.google.android.play:core:1.9.1] AndroidManifest.xml:13:96-119
96            android:exported="false"
96-->[com.google.android.play:core:1.9.1] AndroidManifest.xml:13:120-144
97            android:stateNotNeeded="true"
97-->[com.google.android.play:core:1.9.1] AndroidManifest.xml:13:145-174
98            android:theme="@style/Theme.PlayCore.Transparent" /> <!-- The services will be merged into the manifest of the hosting app. -->
98-->[com.google.android.play:core:1.9.1] AndroidManifest.xml:13:175-224
99        <service
99-->[com.google.android.play:core:1.9.1] AndroidManifest.xml:16:5-18:15
100            android:name="com.google.android.play.core.assetpacks.AssetPackExtractionService"
100-->[com.google.android.play:core:1.9.1] AndroidManifest.xml:16:14-95
101            android:enabled="false"
101-->[com.google.android.play:core:1.9.1] AndroidManifest.xml:16:96-119
102            android:exported="true" >
102-->[com.google.android.play:core:1.9.1] AndroidManifest.xml:16:120-143
103            <meta-data
103-->[com.google.android.play:core:1.9.1] AndroidManifest.xml:17:7-108
104                android:name="com.google.android.play.core.assetpacks.versionCode"
104-->[com.google.android.play:core:1.9.1] AndroidManifest.xml:17:18-84
105                android:value="10901" />
105-->[com.google.android.play:core:1.9.1] AndroidManifest.xml:17:85-106
106        </service>
107        <service
107-->[com.google.android.play:core:1.9.1] AndroidManifest.xml:19:5-147
108            android:name="com.google.android.play.core.assetpacks.ExtractionForegroundService"
108-->[com.google.android.play:core:1.9.1] AndroidManifest.xml:19:14-96
109            android:enabled="false"
109-->[com.google.android.play:core:1.9.1] AndroidManifest.xml:19:97-120
110            android:exported="false" />
110-->[com.google.android.play:core:1.9.1] AndroidManifest.xml:19:121-145
111    </application>
112
113</manifest>